C:\PROJECTS\PROE\MIDI\MIDI\X64\DEBUG\MIDI.PCH
C:\PROJECTS\PROE\MIDI\MIDI\X64\DEBUG\STDAFX.OBJ
C:\PROJECTS\PROE\MIDI\MIDI\X64\DEBUG\VC110.PDB
C:\PROJECTS\PROE\MIDI\MIDI\X64\DEBUG\CREATEMIDICURVEDLG.OBJ
C:\PROJECTS\PROE\MIDI\MIDI\X64\DEBUG\CREOMFCDIALOG.OBJ
C:\PROJECTS\PROE\MIDI\MIDI\X64\DEBUG\GLOBAL.OBJ
C:\PROJECTS\PROE\MIDI\MIDI\X64\DEBUG\MIDI.OBJ
C:\PROJECTS\PROE\MIDI\MIDI\X64\DEBUG\MIDI.RES
C:\projects\proe\Midi\Midi\x64\Debug\CreateMidiCurveDlg.obj
C:\projects\proe\Midi\Midi\x64\Debug\CreoMFCDialog.obj
C:\projects\proe\Midi\Midi\x64\Debug\global.obj
C:\projects\proe\Midi\Midi\x64\Debug\Midi.obj
C:\projects\proe\Midi\Midi\x64\Debug\stdafx.obj
C:\projects\proe\Midi\Midi\x64\Debug\cl.command.1.tlog
C:\projects\proe\Midi\Midi\x64\Debug\CL.read.1.tlog
C:\projects\proe\Midi\Midi\x64\Debug\CL.write.1.tlog
C:\projects\proe\Midi\Midi\x64\Debug\link-cvtres.read.1.tlog
C:\projects\proe\Midi\Midi\x64\Debug\link-cvtres.write.1.tlog
C:\projects\proe\Midi\Midi\x64\Debug\link-mt.read.1.tlog
C:\projects\proe\Midi\Midi\x64\Debug\link-mt.write.1.tlog
C:\projects\proe\Midi\Midi\x64\Debug\link-rc.read.1.tlog
C:\projects\proe\Midi\Midi\x64\Debug\link-rc.write.1.tlog
C:\projects\proe\Midi\Midi\x64\Debug\link.command.1.tlog
C:\projects\proe\Midi\Midi\x64\Debug\link.read.1.tlog
C:\projects\proe\Midi\Midi\x64\Debug\link.write.1.tlog
C:\projects\proe\Midi\Midi\x64\Debug\rc.command.1.tlog
C:\projects\proe\Midi\Midi\x64\Debug\rc.read.1.tlog
C:\projects\proe\Midi\Midi\x64\Debug\rc.write.1.tlog
C:\projects\proe\Midi\Midi\x64\Debug\Midi.res
C:\projects\proe\Midi\Midi\x64\Debug\Midi.pch
C:\projects\proe\Midi\Midi\x64\Debug\vc110.idb
C:\projects\proe\Midi\Midi\x64\Debug\vc110.pdb
